<?xml version="1.0" encoding="UTF-8"?>
<testsuite xmlns:xsi="http://www.w3.org/2001/XMLSchema-instance" xsi:noNamespaceSchemaLocation="https://maven.apache.org/surefire/maven-surefire-plugin/xsd/surefire-test-report.xsd" name="com.grupo9.tiendatecnologica.tiendatecnologicaApplicationTests" time="4.877" tests="1" errors="1" skipped="0" failures="0">
  <properties>
[...]
</properties>
  <testcase name="com.grupo9.tiendatecnologica.tiendatecnologicaApplicationTests" classname="com.grupo9.tiendatecnologica.tiendatecnologicaApplicationTests" time="4.874">
    <error message="Unable to find a @SpringBootConfiguration, you need to use @ContextConfiguration or @SpringBootTest(classes=...) with your test" type="java.lang.IllegalStateException">java.lang.IllegalStateException: Unable to find a @SpringBootConfiguration, you need to use @ContextConfiguration or @SpringBootTest(classes=...) with your test
</error>
    <system-out><![CDATA[09:30:32.456 [main] DEBUG org.springframework.test.context.BootstrapUtils - Instantiating CacheAwareContextLoaderDelegate from class [org.springframework.test.context.cache.DefaultCacheAwareContextLoaderDelegate]
09:30:32.723 [main] DEBUG org.springframework.test.context.BootstrapUtils - Instantiating BootstrapContext using constructor [public org.springframework.test.context.support.DefaultBootstrapContext(java.lang.Class,org.springframework.test.context.CacheAwareContextLoaderDelegate)]
09:30:33.230 [main] DEBUG org.springframework.test.context.BootstrapUtils - Instantiating TestContextBootstrapper for test class [com.grupo9.tiendatecnologica.tiendatecnologicaApplicationTests] from class [org.springframework.boot.test.context.SpringBootTestContextBootstrapper]
09:30:33.638 [main] INFO org.springframework.boot.test.context.SpringBootTestContextBootstrapper - Neither @ContextConfiguration nor @ContextHierarchy found for test class [com.grupo9.tiendatecnologica.tiendatecnologicaApplicationTests], using SpringBootContextLoader
09:30:33.673 [main] DEBUG org.springframework.test.context.support.AbstractContextLoader - Did not detect default resource location for test class [com.grupo9.tiendatecnologica.tiendatecnologicaApplicationTests]: class path resource [com/grupo9/tiendatecnologica/tiendatecnologicaApplicationTests-context.xml] does not exist
09:30:33.675 [main] DEBUG org.springframework.test.context.support.AbstractContextLoader - Did not detect default resource location for test class [com.grupo9.tiendatecnologica.tiendatecnologicaApplicationTests]: class path resource [com/grupo9/tiendatecnologica/tiendatecnologicaApplicationTestsContext.groovy] does not exist
09:30:33.675 [main] INFO org.springframework.test.context.support.AbstractContextLoader - Could not detect default resource locations for test class [com.grupo9.tiendatecnologica.tiendatecnologicaApplicationTests]: no resource found for suffixes {-context.xml, Context.groovy}.
09:30:33.678 [main] INFO org.springframework.test.context.support.AnnotationConfigContextLoaderUtils - Could not detect default configuration classes for test class [com.grupo9.tiendatecnologica.tiendatecnologicaApplicationTests]: tiendatecnologicaApplicationTests does not declare any static, non-private, non-final, nested classes annotated with @Configuration.
09:30:34.477 [main] DEBUG org.springframework.test.context.support.ActiveProfilesUtils - Could not find an 'annotation declaring class' for annotation type [org.springframework.test.context.ActiveProfiles] and class [com.grupo9.tiendatecnologica.tiendatecnologicaApplicationTests]
]]></system-out>
  </testcase>
</testsuite>